<?xml version="1.0" encoding="utf-8"?>
<TestRun id="6b35765a-1836-43c1-9fbd-5b5414632acd" name="@2b3a75047741 2020-10-29 17:34:09" xmlns="http://microsoft.com/schemas/VisualStudio/TeamTest/2010">
  <Times creation="2020-10-29T17:34:09.2247883+00:00" queuing="2020-10-29T17:34:09.2247886+00:00" start="2020-10-29T17:34:00.8306252+00:00" finish="2020-10-29T17:34:09.4597148+00:00" />
  <TestSettings name="default" id="9c28765a-ac60-4970-84b8-aa719421e57e">
    <Deployment runDeploymentRoot="_2b3a75047741_2020-10-29_17_34_09" />
  </TestSettings>
  <Results>
    <UnitTestResult executionId="e3d05d42-6db7-4d8e-bf92-b37a81406642" testId="e50f7adf-9bbe-b08f-499a-dfb5a3df036b" testName="FriendsQueryAndCrud" computerName="2b3a75047741" duration="00:00:05.7973750" startTime="2020-10-29T17:34:03.0000000+00:00" endTime="2020-10-29T17:34:09.0000000+00:00" testType="13cdc9d9-ddb5-4fa4-a97d-d965ccfc6d4b" outcome="Passed" testListId="8c84fa94-04c1-424b-9868-57a2d4851a1d" relativeResultsDirectory="e3d05d42-6db7-4d8e-bf92-b37a81406642">
      <Output>
        <StdOut>Given an http client
-&gt; done: BaseSpecFlowBinding.Givenanhttpclient() (0.3s)
When I send a friends request
-&gt; done: FriendsBindings.WhenISendAFriendsRequest() (4.1s)
Then I receive a friends response
-&gt; done: FriendsBindings.ThenIReceiveAFriendsResponse() (0.0s)
And The response contains friends
-&gt; done: FriendsBindings.ThenTheResponseContainsFriends() (0.0s)
When I send a create friend request
-&gt; done: FriendsBindings.WhenISendACreateFriendRequest() (0.7s)
Then I receive a new friend response
-&gt; done: FriendsBindings.ThenIReceiveANewFriendResponse() (0.0s)
And the new friend response is valid
-&gt; done: FriendsBindings.ThenTheNewFriendResponseIsValid() (0.0s)
When I send a get by id friend request using the created one
-&gt; done: FriendsBindings.WhenISendAGetByIdFriendRequestUsingTheCreatedOneAsync() (0.2s)
Then I receive a valid friend response
-&gt; done: FriendsBindings.ThenIReceiveAValidFriendResponse() (0.0s)
And The friend is equal to the created one
-&gt; done: FriendsBindings.ThenTheFriendIsEqualToTheCreatedOne() (0.0s)
When I Send an update friend request using the created one
-&gt; done: FriendsBindings.WhenISendAnUpdateFriendRequestUsingTheCreatedOneAsync() (0.1s)
Then I receive a success nocontent code
-&gt; done: FriendsBindings.ThenIReceiveASuccessUpdateCode() (0.0s)
When I send a get by id friend request using the created one
-&gt; done: FriendsBindings.WhenISendAGetByIdFriendRequestUsingTheCreatedOneAsync() (0.0s)
Then I receive a valid friend response
-&gt; done: FriendsBindings.ThenIReceiveAValidFriendResponse() (0.0s)
And The friend is equal to the updated one
-&gt; done: FriendsBindings.ThenTheFriendIsEqualToTheUpdatedOne() (0.0s)
When I Send a delete friend request using the created one
-&gt; done: FriendsBindings.WhenISendADeleteFriendRequestUsingTheCreatedOne() (0.1s)
Then I receive a success nocontent code
-&gt; done: FriendsBindings.ThenIReceiveASuccessUpdateCode() (0.0s)
When I send a get by id friend request using the deleted one
-&gt; done: FriendsBindings.WhenISendAGetByIdFriendRequestUsingTheDeletedOne() (0.0s)
Then I receive not found response
-&gt; done: FriendsBindings.ThenIReceiveNotFoundResponse() (0.0s)</StdOut>
      </Output>
    </UnitTestResult>
    <UnitTestResult executionId="e64b353b-5a95-4d20-b2a5-6e24a38e9cf5" testId="26e5dd6d-5704-6d34-0d8d-2843e07e0483" testName="HealthCheckCall" computerName="2b3a75047741" duration="00:00:00.1334690" startTime="2020-10-29T17:34:09.0000000+00:00" endTime="2020-10-29T17:34:09.0000000+00:00" testType="13cdc9d9-ddb5-4fa4-a97d-d965ccfc6d4b" outcome="Passed" testListId="8c84fa94-04c1-424b-9868-57a2d4851a1d" relativeResultsDirectory="e64b353b-5a95-4d20-b2a5-6e24a38e9cf5">
      <Output>
        <StdOut>Given an http client
-&gt; done: BaseSpecFlowBinding.Givenanhttpclient() (0.0s)
When I Send a request to the health check operation
-&gt; done: HealthCheckBindings.WhenISendARequestToTheHealthCheckOperation() (0.1s)
Then I receive a success http code
-&gt; done: HealthCheckBindings.ThenIReceiveASuccessHttpCode() (0.0s)</StdOut>
      </Output>
    </UnitTestResult>
  </Results>
  <TestDefinitions>
    <UnitTest name="FriendsQueryAndCrud" storage="/app/tests/friendsapi.specflowtests/bin/release/netcoreapp3.1/friendsapi.specflowtests.dll" id="e50f7adf-9bbe-b08f-499a-dfb5a3df036b">
      <Execution id="e3d05d42-6db7-4d8e-bf92-b37a81406642" />
      <TestMethod codeBase="/app/tests/FriendsApi.SpecFlowTests/bin/Release/netcoreapp3.1/FriendsApi.SpecFlowTests.dll" adapterTypeName="executor://nunit3testexecutor/" className="FriendsApi.SpecFlowTests.Features.FriendFeatureFeature" name="FriendsQueryAndCrud" />
    </UnitTest>
    <UnitTest name="HealthCheckCall" storage="/app/tests/friendsapi.specflowtests/bin/release/netcoreapp3.1/friendsapi.specflowtests.dll" id="26e5dd6d-5704-6d34-0d8d-2843e07e0483">
      <Execution id="e64b353b-5a95-4d20-b2a5-6e24a38e9cf5" />
      <TestMethod codeBase="/app/tests/FriendsApi.SpecFlowTests/bin/Release/netcoreapp3.1/FriendsApi.SpecFlowTests.dll" adapterTypeName="executor://nunit3testexecutor/" className="FriendsApi.SpecFlowTests.Features.HealthCheckFeature" name="HealthCheckCall" />
    </UnitTest>
  </TestDefinitions>
  <TestEntries>
    <TestEntry testId="e50f7adf-9bbe-b08f-499a-dfb5a3df036b" executionId="e3d05d42-6db7-4d8e-bf92-b37a81406642" testListId="8c84fa94-04c1-424b-9868-57a2d4851a1d" />
    <TestEntry testId="26e5dd6d-5704-6d34-0d8d-2843e07e0483" executionId="e64b353b-5a95-4d20-b2a5-6e24a38e9cf5" testListId="8c84fa94-04c1-424b-9868-57a2d4851a1d" />
  </TestEntries>
  <TestLists>
    <TestList name="Results Not in a List" id="8c84fa94-04c1-424b-9868-57a2d4851a1d" />
    <TestList name="All Loaded Results" id="19431567-8539-422a-85d7-44ee4e166bda" />
  </TestLists>
  <ResultSummary outcome="Completed">
    <Counters total="2" executed="2" passed="2" failed="0" error="0" timeout="0" aborted="0" inconclusive="0" passedButRunAborted="0" notRunnable="0" notExecuted="0" disconnected="0" warning="0" completed="0" inProgress="0" pending="0" />
    <Output>
      <StdOut>NUnit Adapter 3.17.0.0: Test execution started
Running all tests in /app/tests/FriendsApi.SpecFlowTests/bin/Release/netcoreapp3.1/FriendsApi.SpecFlowTests.dll
   NUnit3TestExecutor discovered 2 of 2 NUnit test cases
Given an http client
-&gt; done: BaseSpecFlowBinding.Givenanhttpclient() (0.3s)
When I send a friends request
-&gt; done: FriendsBindings.WhenISendAFriendsRequest() (4.1s)
Then I receive a friends response
-&gt; done: FriendsBindings.ThenIReceiveAFriendsResponse() (0.0s)
And The response contains friends
-&gt; done: FriendsBindings.ThenTheResponseContainsFriends() (0.0s)
When I send a create friend request
-&gt; done: FriendsBindings.WhenISendACreateFriendRequest() (0.7s)
Then I receive a new friend response
-&gt; done: FriendsBindings.ThenIReceiveANewFriendResponse() (0.0s)
And the new friend response is valid
-&gt; done: FriendsBindings.ThenTheNewFriendResponseIsValid() (0.0s)
When I send a get by id friend request using the created one
-&gt; done: FriendsBindings.WhenISendAGetByIdFriendRequestUsingTheCreatedOneAsync() (0.2s)
Then I receive a valid friend response
-&gt; done: FriendsBindings.ThenIReceiveAValidFriendResponse() (0.0s)
And The friend is equal to the created one
-&gt; done: FriendsBindings.ThenTheFriendIsEqualToTheCreatedOne() (0.0s)
When I Send an update friend request using the created one
-&gt; done: FriendsBindings.WhenISendAnUpdateFriendRequestUsingTheCreatedOneAsync() (0.1s)
Then I receive a success nocontent code
-&gt; done: FriendsBindings.ThenIReceiveASuccessUpdateCode() (0.0s)
When I send a get by id friend request using the created one
-&gt; done: FriendsBindings.WhenISendAGetByIdFriendRequestUsingTheCreatedOneAsync() (0.0s)
Then I receive a valid friend response
-&gt; done: FriendsBindings.ThenIReceiveAValidFriendResponse() (0.0s)
And The friend is equal to the updated one
-&gt; done: FriendsBindings.ThenTheFriendIsEqualToTheUpdatedOne() (0.0s)
When I Send a delete friend request using the created one
-&gt; done: FriendsBindings.WhenISendADeleteFriendRequestUsingTheCreatedOne() (0.1s)
Then I receive a success nocontent code
-&gt; done: FriendsBindings.ThenIReceiveASuccessUpdateCode() (0.0s)
When I send a get by id friend request using the deleted one
-&gt; done: FriendsBindings.WhenISendAGetByIdFriendRequestUsingTheDeletedOne() (0.0s)
Then I receive not found response
-&gt; done: FriendsBindings.ThenIReceiveNotFoundResponse() (0.0s)

Given an http client
-&gt; done: BaseSpecFlowBinding.Givenanhttpclient() (0.0s)
When I Send a request to the health check operation
-&gt; done: HealthCheckBindings.WhenISendARequestToTheHealthCheckOperation() (0.1s)
Then I receive a success http code
-&gt; done: HealthCheckBindings.ThenIReceiveASuccessHttpCode() (0.0s)

NUnit Adapter 3.17.0.0: Test execution complete
</StdOut>
    </Output>
  </ResultSummary>
</TestRun>