<?xml version="1.0" encoding="utf-8"?>
<TestRun id="864680c8-c32b-4bb9-9906-a10a8a4617f6" name="@810f674d15dd 2020-10-29 17:34:44" xmlns="http://microsoft.com/schemas/VisualStudio/TeamTest/2010">
  <Times creation="2020-10-29T17:34:44.8783872+00:00" queuing="2020-10-29T17:34:44.8783875+00:00" start="2020-10-29T17:34:43.2917419+00:00" finish="2020-10-29T17:34:44.9035400+00:00" />
  <TestSettings name="default" id="fec57d86-639f-458d-8f29-d90350c9d961">
    <Deployment runDeploymentRoot="_810f674d15dd_2020-10-29_17_34_44" />
  </TestSettings>
  <Results>
    <UnitTestResult executionId="10feb988-870e-4079-9a71-8fc07f071709" testId="27f58022-95fa-68f8-eba7-8ce25882508e" testName="HealthCheckShouldReturnOkAsync" computerName="810f674d15dd" duration="00:00:00.0129000" startTime="2020-10-29T17:34:44.0000000+00:00" endTime="2020-10-29T17:34:44.0000000+00:00" testType="13cdc9d9-ddb5-4fa4-a97d-d965ccfc6d4b" outcome="Passed" testListId="8c84fa94-04c1-424b-9868-57a2d4851a1d" relativeResultsDirectory="10feb988-870e-4079-9a71-8fc07f071709" />
  </Results>
  <TestDefinitions>
    <UnitTest name="HealthCheckShouldReturnOkAsync" storage="/app/tests/friendsapi.unittests/bin/release/netcoreapp3.1/friendsapi.unittests.dll" id="27f58022-95fa-68f8-eba7-8ce25882508e">
      <Execution id="10feb988-870e-4079-9a71-8fc07f071709" />
      <TestMethod codeBase="/app/tests/FriendsApi.UnitTests/bin/Release/netcoreapp3.1/FriendsApi.UnitTests.dll" adapterTypeName="executor://nunit3testexecutor/" className="FriendsApi.UnitTests.Tests.Controllers.HealthCheckControllerTest" name="HealthCheckShouldReturnOkAsync" />
    </UnitTest>
  </TestDefinitions>
  <TestEntries>
    <TestEntry testId="27f58022-95fa-68f8-eba7-8ce25882508e" executionId="10feb988-870e-4079-9a71-8fc07f071709" testListId="8c84fa94-04c1-424b-9868-57a2d4851a1d" />
  </TestEntries>
  <TestLists>
    <TestList name="Results Not in a List" id="8c84fa94-04c1-424b-9868-57a2d4851a1d" />
    <TestList name="All Loaded Results" id="19431567-8539-422a-85d7-44ee4e166bda" />
  </TestLists>
  <ResultSummary outcome="Completed">
    <Counters total="1" executed="1" passed="1" failed="0" error="0" timeout="0" aborted="0" inconclusive="0" passedButRunAborted="0" notRunnable="0" notExecuted="0" disconnected="0" warning="0" completed="0" inProgress="0" pending="0" />
    <Output>
      <StdOut>NUnit Adapter 3.17.0.0: Test execution started
Running all tests in /app/tests/FriendsApi.UnitTests/bin/Release/netcoreapp3.1/FriendsApi.UnitTests.dll
   NUnit3TestExecutor discovered 1 of 1 NUnit test cases
NUnit Adapter 3.17.0.0: Test execution complete
</StdOut>
    </Output>
  </ResultSummary>
</TestRun>